This is XeTeX, Version 3.14159265-2.6-0.99996 (TeX Live 2016) (preloaded format=xelatex 2017.4.8)  22 APR 2017 20:20
entering extended mode
 restricted \write18 enabled.
 %&-line parsing enabled.
**&xelatex prv_3MTP_2017.org.ini \nonstopmode\nofiles\PassOptionsToPackage{acti
ve,tightpage,auctex}{preview}\AtBeginDocument{\ifx\ifPreview\undefined\RequireP
ackage[displaymath,floats,graphics,textmath,sections,footnotes]{preview}[2004/1
1/05]\fi} \input 3MTP_2017.org.tex
(./prv_3MTP_2017.org.ini
LaTeX2e <2017/01/01> patch level 3
Babel <3.9r> and hyphenation patterns for 83 language(s) loaded.
(/usr/local/texlive/2016/texmf-dist/tex/latex/carlisle/mylatex.ltx)
(/usr/local/texlive/2016/texmf-dist/tex/latex/tools/.tex File ignored))
No auxiliary output files.

! I can't find file `3MTP_2017.org.tex'.
<*> ...w}[2004/11/05]\fi} \input 3MTP_2017.org.tex
                                                  
(Press Enter to retry, or Control-D to exit)
Please type another input file name
! Emergency stop.
<*> ...w}[2004/11/05]\fi} \input 3MTP_2017.org.tex
                                                  
*** (job aborted, file error in nonstop mode)

 
Here is how much of TeX's memory you used:
 23 strings out of 493068
 580 string characters out of 6135637
 55792 words of memory out of 5000000
 4035 multiletter control sequences out of 15000+600000
 3640 words of font info for 14 fonts, out of 8000000 for 9000
 1347 hyphenation exceptions out of 8191
 5i,0n,5p,504b,12s stack positions out of 5000i,500n,10000p,200000b,80000s
No pages of output.
